info it worked if it ends with ok
verbose cli [ 'node', '/usr/local/bin/npm', 'start', 'bastard' ]
info using npm@1.0.106
info using node@v0.4.12
verbose /usr/local/bin/node node symlink
verbose config file /Users/oao/.npmrc
verbose config file /usr/local/etc/npmrc
verbose config file /usr/local/lib/node_modules/npm/npmrc
ERR! Error: ENOENT, No such file or directory '/Volumes/bangalore/Users/oao/src/bastard/node_modules/bastard/package.json'
ERR! Report this *entire* log at:
ERR!     <http://github.com/isaacs/npm/issues>
ERR! or email it to:
ERR!     <npm-@googlegroups.com>
ERR! 
ERR! System Darwin 10.8.0
ERR! command "node" "/usr/local/bin/npm" "start" "bastard"
ERR! cwd /Volumes/bangalore/Users/oao/src/bastard
ERR! node -v v0.4.12
ERR! npm -v 1.0.106
ERR! path /Volumes/bangalore/Users/oao/src/bastard/node_modules/bastard/package.json
ERR! code ENOENT
verbose exit [ 1, true ]
